[2024-12-17 13:43:02.661] [jointLog] [info] setting maxHashResizeThreads to 8
[2024-12-17 13:43:02.661] [jointLog] [info] Fragment incompatibility prior below threshold.  Incompatible fragments will be ignored.
[2024-12-17 13:43:02.661] [jointLog] [info] Usage of --validateMappings implies use of minScoreFraction. Since not explicitly specified, it is being set to 0.65
[2024-12-17 13:43:02.661] [jointLog] [info] Setting consensusSlack to selective-alignment default of 0.35.
[2024-12-17 13:43:02.661] [jointLog] [info] parsing read library format
[2024-12-17 13:43:02.661] [jointLog] [info] There is 1 library.
[2024-12-17 13:43:02.699] [jointLog] [info] Loading pufferfish index
[2024-12-17 13:43:02.699] [jointLog] [info] Loading dense pufferfish index.
[2024-12-17 13:43:02.795] [jointLog] [info] done
[2024-12-17 13:43:02.795] [jointLog] [info] Index contained 30,215 targets
[2024-12-17 13:43:02.799] [jointLog] [info] Number of decoys : 0
[2024-12-17 13:43:02.936] [jointLog] [info] Automatically detected most likely library type as ISR

[2024-12-17 13:43:23.083] [jointLog] [info] Thread saw mini-batch with a maximum of 0.90% zero probability fragments
[2024-12-17 13:43:23.086] [jointLog] [info] Thread saw mini-batch with a maximum of 0.90% zero probability fragments
[2024-12-17 13:43:23.087] [jointLog] [info] Thread saw mini-batch with a maximum of 0.94% zero probability fragments
[2024-12-17 13:43:23.098] [jointLog] [info] Thread saw mini-batch with a maximum of 0.90% zero probability fragments
[2024-12-17 13:43:23.104] [jointLog] [info] Thread saw mini-batch with a maximum of 0.94% zero probability fragments
[2024-12-17 13:43:23.105] [jointLog] [info] Thread saw mini-batch with a maximum of 0.88% zero probability fragments
[2024-12-17 13:43:23.115] [jointLog] [info] Thread saw mini-batch with a maximum of 0.90% zero probability fragments
[2024-12-17 13:43:23.115] [jointLog] [info] Thread saw mini-batch with a maximum of 0.90% zero probability fragments
[2024-12-17 13:43:23.161] [jointLog] [info] Computed 93,713 rich equivalence classes for further processing
[2024-12-17 13:43:23.161] [jointLog] [info] Counted 8,733,288 total reads in the equivalence classes 
[2024-12-17 13:43:23.165] [jointLog] [info] Number of mappings discarded because of alignment score : 910,466
[2024-12-17 13:43:23.165] [jointLog] [info] Number of fragments entirely discarded because of alignment score : 200,690
[2024-12-17 13:43:23.165] [jointLog] [info] Number of fragments discarded because they are best-mapped to decoys : 0
[2024-12-17 13:43:23.165] [jointLog] [info] Number of fragments discarded because they have only dovetail (discordant) mappings to valid targets : 25,394
[2024-12-17 13:43:23.165] [jointLog] [info] Mapping rate = 84.2767%

[2024-12-17 13:43:23.165] [jointLog] [info] finished quantifyLibrary()
[2024-12-17 13:43:23.165] [jointLog] [info] Starting optimizer
[2024-12-17 13:43:23.175] [jointLog] [info] Marked 0 weighted equivalence classes as degenerate
[2024-12-17 13:43:23.178] [jointLog] [info] iteration = 0 | max rel diff. = 17052.5
[2024-12-17 13:43:23.161] [fileLog] [info] 
At end of round 0
==================
Observed 10362632 total fragments (10362632 in most recent round)

[2024-12-17 13:43:23.371] [jointLog] [info] iteration = 100 | max rel diff. = 19.7209
[2024-12-17 13:43:23.563] [jointLog] [info] iteration = 200 | max rel diff. = 13.7123
[2024-12-17 13:43:23.756] [jointLog] [info] iteration = 300 | max rel diff. = 2.51198
[2024-12-17 13:43:23.948] [jointLog] [info] iteration = 400 | max rel diff. = 8.92156
[2024-12-17 13:43:24.139] [jointLog] [info] iteration = 500 | max rel diff. = 1.51732
[2024-12-17 13:43:24.332] [jointLog] [info] iteration = 600 | max rel diff. = 0.321901
[2024-12-17 13:43:24.525] [jointLog] [info] iteration = 700 | max rel diff. = 0.154497
[2024-12-17 13:43:24.717] [jointLog] [info] iteration = 800 | max rel diff. = 0.170421
[2024-12-17 13:43:24.910] [jointLog] [info] iteration = 900 | max rel diff. = 0.5552
[2024-12-17 13:43:25.102] [jointLog] [info] iteration = 1,000 | max rel diff. = 1.55301
[2024-12-17 13:43:25.294] [jointLog] [info] iteration = 1,100 | max rel diff. = 0.887053
[2024-12-17 13:43:25.491] [jointLog] [info] iteration = 1,200 | max rel diff. = 0.0629219
[2024-12-17 13:43:25.684] [jointLog] [info] iteration = 1,300 | max rel diff. = 0.0117242
[2024-12-17 13:43:25.876] [jointLog] [info] iteration = 1,400 | max rel diff. = 0.0534206
[2024-12-17 13:43:26.067] [jointLog] [info] iteration = 1,500 | max rel diff. = 0.144192
[2024-12-17 13:43:26.082] [jointLog] [info] iteration = 1,509 | max rel diff. = 0.00924728
[2024-12-17 13:43:26.083] [jointLog] [info] Finished optimizer
[2024-12-17 13:43:26.083] [jointLog] [info] writing output 

